#
# There is insufficient memory for the Java Runtime Environment to continue.
# Native memory allocation (mmap) failed to map 130023424 bytes. Error detail: G1 virtual space
# Possible reasons:
#   The system is out of physical RAM or swap space
#   This process is running with CompressedOops enabled, and the Java Heap may be blocking the growth of the native heap
# Possible solutions:
#   Reduce memory load on the system
#   Increase physical memory or swap space
#   Check if swap backing store is full
#   Decrease Java heap size (-Xmx/-Xms)
#   Decrease number of Java threads
#   Decrease Java thread stack sizes (-Xss)
#   Set larger code cache with -XX:ReservedCodeCacheSize=
#   JVM is running with Unscaled Compressed Oops mode in which the Java heap is
#     placed in the first 4GB address space. The Java Heap base address is the
#     maximum limit for the native heap growth. Please use -XX:HeapBaseMinAddress
#     to set the Java Heap base and to place the Java Heap above 4GB virtual address.
# This output file may be truncated or incomplete.
#
#  Out of Memory Error (os_windows.cpp:3554), pid=29724, tid=26872
#
# JRE version:  (25.0+37) (build )
# Java VM: Java HotSpot(TM) 64-Bit Server VM (25+37-LTS-3491, mixed mode, sharing, tiered, compressed oops, compressed class ptrs, g1 gc, windows-amd64)
# No core dump will be written. Minidumps are not enabled by default on client versions of Windows
#

---------------  S U M M A R Y ------------

Command Line: EventManagerUI

Host: 12th Gen Intel(R) Core(TM) i5-1235U, 12 cores, 7G,  Windows 11 , 64 bit Build 26100 (10.0.26100.6725)
Time: Mon Nov  3 13:19:11 2025 India Standard Time elapsed time: 1.102675 seconds (0d 0h 0m 1s)

---------------  T H R E A D  ---------------

Current thread (0x000001c67fc4d2a0):  JavaThread "Unknown thread" [_thread_in_vm, id=26872, stack(0x0000003746a00000,0x0000003746b00000) (1024K)]

Stack: [0x0000003746a00000,0x0000003746b00000]
Native frames: (J=compiled Java code, j=interpreted, Vv=VM code, C=native code)
V  [jvm.dll+0x7a6a39]  (no source info available)
V  [jvm.dll+0x7727ed]  (no source info available)
V  [jvm.dll+0x965f33]  (no source info available)
V  [jvm.dll+0x968531]  (no source info available)
V  [jvm.dll+0x968c33]  (no source info available)
V  [jvm.dll+0x2fc756]  (no source info available)
V  [jvm.dll+0x7a2c65]  (no source info available)
V  [jvm.dll+0x796077]  (no source info available)
V  [jvm.dll+0x3f4698]  (no source info available)
V  [jvm.dll+0x3fc5b6]  (no source info available)
V  [jvm.dll+0x3e8c8e]  (no source info available)
V  [jvm.dll+0x3e8f48]  (no source info available)
V  [jvm.dll+0x3c0045]  (no source info available)
V  [jvm.dll+0x3c0cce]  (no source info available)
V  [jvm.dll+0x92c647]  (no source info available)
V  [jvm.dll+0x458b62]  (no source info available)
V  [jvm.dll+0x90fff2]  (no source info available)
V  [jvm.dll+0x4f9001]  (no source info available)
V  [jvm.dll+0x4fa891]  (no source info available)
C  [jli.dll+0x543e]  (no source info available)
C  [ucrtbase.dll+0x37b0]  (no source info available)
C  [KERNEL32.DLL+0x2e8d7]  (no source info available)
C  [ntdll.dll+0x8c53c]  (no source info available)

Lock stack of current Java thread (top to bottom):


---------------  P R O C E S S  ---------------

Threads class SMR info:
_java_thread_list=0x00007ffab2b05308, length=0, elements={
}

Java Threads: ( => current thread )
Total: 0

Other Threads:
  0x000001c602261250 WorkerThread "GC Thread#0"                     [id=18036, stack(0x0000003746b00000,0x0000003746c00000) (1024K)]
  0x000001c602279480 ConcurrentGCThread "G1 Main Marker"            [id=20132, stack(0x0000003746c00000,0x0000003746d00000) (1024K)]
  0x000001c60227ce20 WorkerThread "G1 Conc#0"                       [id=904, stack(0x0000003746d00000,0x0000003746e00000) (1024K)]

[error occurred during error reporting (printing all threads), id 0xc0000005, EXCEPTION_ACCESS_VIOLATION (0xc0000005) at pc=0x00007ffab21e4c2a]
VM state: not at safepoint (not fully initialized)

VM Mutex/Monitor currently owned by a thread:  ([mutex/lock_event])
[0x00007ffab2b89628] Heap_lock - owner thread: 0x000001c67fc4d2a0

Heap address: 0x0000000084e00000, size: 1970 MB, Compressed Oops mode: 32-bit

CDS archive(s) mapped at: [0x0000000000000000-0x0000000000000000-0x0000000000000000), size 0, SharedBaseAddress: 0x0000000800000000, ArchiveRelocationMode: 1.
UseCompressedClassPointers 1, UseCompactObjectHeaders 0
Narrow klass pointer bits 32, Max shift 3
Narrow klass base: 0xffffffffffffffff, Narrow klass shift: -1
Encoding Range: [0xffffffffffffffff - 0x000000007fffffff), (2147483648 bytes)
Klass Range:    [0x0000000000000000 - 0x0000000000000000), (0 bytes)
Klass ID Range:  [4294967295 - 0) (1)
No protection zone.

GC Precious Log:
 CardTable entry size: 512
 Card Set container configuration: InlinePtr #cards 5 size 8 Array Of Cards #cards 10 size 36 Howl #buckets 4 coarsen threshold 1843 Howl Bitmap #cards 512 size 80 coarsen threshold 460 Card regions per heap region 1 cards per card region 2048

Heap:
 garbage-first heap   total reserved 2017280K, committed 0K, used 0K [0x0000000084e00000, 0x0000000100000000)
  region size 1024K, 0 young (0K), 0 survivors (0K)

Heap Regions: E=young(eden), S=young(survivor), O=old, HS=humongous(starts), HC=humongous(continues), CS=collection set, F=free, TAMS=top-at-mark-start, PB=parsable bottom

Card table byte_map: [0x000001c61a3d0000,0x000001c61a7b0000] _byte_map_base: 0x000001c619fa9000

Marking Bits: (CMBitMap*) 0x000001c6022619e0
 Bits: [0x000001c61a7b0000, 0x000001c61c678000)

GC Heap Usage History (0 events):
No events

Metaspace Usage History (0 events):
No events

Dll operation events (1 events):
Event: 0.006 Loaded shared library C:\Program Files\Java\jdk-25\bin\java.dll

Deoptimization events (0 events):
No events

Classes loaded (0 events):
No events

Classes unloaded (0 events):
No events

Classes redefined (0 events):
No events

Internal exceptions (0 events):
No events

VM Operations (0 events):
No events

Memory protections (0 events):
No events

Nmethod flushes (0 events):
No events

Events (0 events):
No events


Dynamic libraries:
0x00007ff670780000 - 0x00007ff670790000 	C:\Program Files\Java\jdk-25\bin\java.exe
0x00007ffb637e0000 - 0x00007ffb63a48000 	C:\WINDOWS\SYSTEM32\ntdll.dll
0x00007ffb61900000 - 0x00007ffb619c9000 	C:\WINDOWS\System32\KERNEL32.DLL
0x00007ffb60970000 - 0x00007ffb60d62000 	C:\WINDOWS\System32\KERNELBASE.dll
0x00007ffb61080000 - 0x00007ffb611cb000 	C:\WINDOWS\System32\ucrtbase.dll
0x00007ffb228c0000 - 0x00007ffb228de000 	C:\Program Files\Java\jdk-25\bin\VCRUNTIME140.dll
0x00007ffb20210000 - 0x00007ffb20227000 	C:\Program Files\Java\jdk-25\bin\jli.dll
0x00007ffb619d0000 - 0x00007ffb61b95000 	C:\WINDOWS\System32\USER32.dll
0x00007ffb60fa0000 - 0x00007ffb60fc7000 	C:\WINDOWS\System32\win32u.dll
0x00007ffb462b0000 - 0x00007ffb46543000 	C:\WINDOWS\WinSxS\amd64_microsoft.windows.common-controls_6595b64144ccf1df_6.0.26100.6899_none_3e0efeeae32e88c1\COMCTL32.dll
0x00007ffb61e50000 - 0x00007ffb61e7b000 	C:\WINDOWS\System32\GDI32.dll
0x00007ffb636f0000 - 0x00007ffb63799000 	C:\WINDOWS\System32\msvcrt.dll
0x00007ffb61480000 - 0x00007ffb615ad000 	C:\WINDOWS\System32\gdi32full.dll
0x00007ffb60fd0000 - 0x00007ffb61073000 	C:\WINDOWS\System32\msvcp_win.dll
0x00007ffb61ba0000 - 0x00007ffb61bcf000 	C:\WINDOWS\System32\IMM32.DLL
0x00007ffb28cb0000 - 0x00007ffb28cbc000 	C:\Program Files\Java\jdk-25\bin\vcruntime140_1.dll
0x00007ffb0f1b0000 - 0x00007ffb0f23d000 	C:\Program Files\Java\jdk-25\bin\msvcp140.dll
0x00007ffab1e10000 - 0x00007ffab2c6f000 	C:\Program Files\Java\jdk-25\bin\server\jvm.dll
0x00007ffb615b0000 - 0x00007ffb61664000 	C:\WINDOWS\System32\ADVAPI32.dll
0x00007ffb61670000 - 0x00007ffb61716000 	C:\WINDOWS\System32\sechost.dll
0x00007ffb61d30000 - 0x00007ffb61e48000 	C:\WINDOWS\System32\RPCRT4.dll
0x00007ffb631b0000 - 0x00007ffb63224000 	C:\WINDOWS\System32\WS2_32.dll
0x00007ffb607d0000 - 0x00007ffb6082e000 	C:\WINDOWS\SYSTEM32\POWRPROF.dll
0x00007ffb465c0000 - 0x00007ffb465cb000 	C:\WINDOWS\SYSTEM32\VERSION.dll
0x00007ffb5bae0000 - 0x00007ffb5bb15000 	C:\WINDOWS\SYSTEM32\WINMM.dll
0x00007ffb607b0000 - 0x00007ffb607c4000 	C:\WINDOWS\SYSTEM32\UMPDC.dll
0x00007ffb5f720000 - 0x00007ffb5f73b000 	C:\WINDOWS\SYSTEM32\kernel.appcore.dll
0x00007ffb283c0000 - 0x00007ffb283ca000 	C:\Program Files\Java\jdk-25\bin\jimage.dll
0x00007ffb5e150000 - 0x00007ffb5e392000 	C:\WINDOWS\SYSTEM32\DBGHELP.DLL
0x00007ffb62e30000 - 0x00007ffb631ab000 	C:\WINDOWS\System32\combase.dll
0x00007ffb62900000 - 0x00007ffb629d7000 	C:\WINDOWS\System32\OLEAUT32.dll
0x00007ffb450c0000 - 0x00007ffb450fc000 	C:\WINDOWS\SYSTEM32\dbgcore.DLL
0x00007ffb611d0000 - 0x00007ffb61268000 	C:\WINDOWS\System32\bcryptPrimitives.dll
0x00007ffb1f630000 - 0x00007ffb1f64f000 	C:\Program Files\Java\jdk-25\bin\java.dll
0x00007ffb62660000 - 0x00007ffb627f8000 	C:\WINDOWS\System32\ole32.dll
0x00007ffb61f10000 - 0x00007ffb6265d000 	C:\WINDOWS\System32\SHELL32.dll
0x00007ffb60d70000 - 0x00007ffb60edb000 	C:\WINDOWS\System32\wintypes.dll

JVMTI agents: none

dbghelp: loaded successfully - version: 4.0.5 - missing functions: none
symbol engine: initialized successfully - sym options: 0x614 - pdb path: .;C:\Program Files\Java\jdk-25\bin;C:\WINDOWS\SYSTEM32;C:\WINDOWS\WinSxS\amd64_microsoft.windows.common-controls_6595b64144ccf1df_6.0.26100.6899_none_3e0efeeae32e88c1;C:\Program Files\Java\jdk-25\bin\server

VM Arguments:
java_command: EventManagerUI
java_class_path (initial): .
Launcher Type: SUN_STANDARD

[Global flags]
     intx CICompilerCount                          = 4                                         {product} {ergonomic}
     uint ConcGCThreads                            = 3                                         {product} {ergonomic}
     uint G1ConcRefinementThreads                  = 10                                        {product} {ergonomic}
   size_t G1HeapRegionSize                         = 1048576                                   {product} {ergonomic}
   size_t InitialHeapSize                          = 130023424                                 {product} {ergonomic}
   size_t MarkStackSize                            = 4194304                                   {product} {ergonomic}
   size_t MarkStackSizeMax                         = 536870912                                 {product} {ergonomic}
   size_t MaxHeapSize                              = 2065694720                                {product} {ergonomic}
   size_t MinHeapDeltaBytes                        = 1048576                                   {product} {ergonomic}
   size_t MinHeapSize                              = 8388608                                   {product} {ergonomic}
    uintx NonNMethodCodeHeapSize                   = 5832704                                {pd product} {ergonomic}
    uintx NonProfiledCodeHeapSize                  = 122945536                              {pd product} {ergonomic}
    uintx ProfiledCodeHeapSize                     = 122880000                              {pd product} {ergonomic}
    uintx ReservedCodeCacheSize                    = 251658240                              {pd product} {ergonomic}
     bool SegmentedCodeCache                       = true                                      {product} {ergonomic}
   size_t SoftMaxHeapSize                          = 2065694720                             {manageable} {ergonomic}
     bool UseCompressedOops                        = true                           {product lp64_product} {ergonomic}
     bool UseG1GC                                  = true                                      {product} {ergonomic}
     bool UseLargePagesIndividualAllocation        = false                                  {pd product} {ergonomic}

Logging:
Log output configuration:
 #0: stdout all=warning uptime,level,tags foldmultilines=false
 #1: stderr all=off uptime,level,tags foldmultilines=false

Release file:
<release file has not been read>
Environment Variables:
PATH=C:\Users\visha\OneDrive\Desktop\WINDOWS.X64_193000_db_home\bin;C:\Program Files\Common Files\Oracle\Java\javapath;C:\WINDOWS\system32;C:\WINDOWS;C:\WINDOWS\System32\Wbem;C:\WINDOWS\System32\WindowsPowerShell\v1.0\;C:\WINDOWS\System32\OpenSSH\;C:\Program Files\dotnet\;C:\Program Files\Java\jdk-25\bin;C:\Users\visha\AppData\Local\Python\pythoncore-3.14-64\Scripts;C:\Program Files\PowerShell\7\;C:\Program Files\PowerShell\7-preview\preview;C:\Users\visha\AppData\Local\Microsoft\WindowsApps;C:\Program Files\Java\jdk-24\bin;C:\Users\visha\AppData\Local\Programs\Microsoft VS Code\bin;C:\Users\visha\AppData\Local\Python\bin
USERNAME=visha
OS=Windows_NT
PROCESSOR_IDENTIFIER=Intel64 Family 6 Model 154 Stepping 4, GenuineIntel
TMP=C:\Users\visha\AppData\Local\Temp
TEMP=C:\Users\visha\AppData\Local\Temp




Compilation memory statistics disabled.

Periodic native trim disabled

---------------  S Y S T E M  ---------------

OS:
 Windows 11 , 64 bit Build 26100 (10.0.26100.6725)
OS uptime: 6 days 2:34 hours
Hyper-V role detected

CPU: total 12 (initial active 12) (6 cores per cpu, 2 threads per core) family 6 model 154 stepping 4 microcode 0x437, cx8, cmov, fxsr, ht, mmx, 3dnowpref, sse, sse2, sse3, ssse3, sse4.1, sse4.2, popcnt, lzcnt, tsc, tscinvbit, avx, avx2, aes, erms, clmul, bmi1, bmi2, adx, sha, fma, vzeroupper, clflush, clflushopt, clwb, hv, serialize, rdtscp, rdpid, fsrm, gfni, f16c, cet_ibt, cet_ss
Processor Information for the first 12 processors :
  Max Mhz: 1300, Current Mhz: 1300, Mhz Limit: 1300

Memory: 4k page, system-wide physical 7876M (513M free)
TotalPageFile size 32452M (AvailPageFile size 127M)
current process WorkingSet (physical memory assigned to process): 13M, peak: 13M
current process commit charge ("private bytes"): 65M, peak: 188M

vm_info: Java HotSpot(TM) 64-Bit Server VM (25+37-LTS-3491) for windows-amd64 JRE (25+37-LTS-3491), built on 2025-08-14T21:13:00Z with unknown MS VC++:1943

END.
